2020-05-02 23:36:52,007 INFO  [HomePageTest] Lauching the browser 
2020-05-02 23:37:29,530 INFO  [HomePageTest] Lauching the browser 
2020-05-02 23:37:52,297 INFO  [HomePageTest] Lauching the browser 
2020-05-02 23:47:22,260 INFO  [TestBase] Lauching the browser 
2020-05-02 23:47:29,872 INFO  [TestBase] Browser is launched 
2020-05-02 23:47:40,551 INFO  [TestBase] Lauching the browser 
2020-05-02 23:47:46,375 INFO  [TestBase] Browser is launched 
2020-05-02 23:47:58,809 INFO  [TestBase] Lauching the browser 
2020-05-02 23:48:04,431 INFO  [TestBase] Browser is launched 
2020-05-03 00:08:58,162 INFO  [HomePageTest] Launching the browser 
2020-05-03 00:09:15,413 INFO  [HomePageTest] Contained button is closed 
2020-05-03 00:09:16,794 INFO  [HomePageTest] Launching the browser 
2020-05-03 00:09:35,356 INFO  [HomePageTest] Launching the browser 
2020-05-03 00:20:29,931 INFO  [HomePageTest] Launching the browser 
2020-05-03 00:20:47,905 INFO  [HomePageTest] Contained button is closed 
2020-05-03 00:20:48,926 INFO  [HomePageTest] Launching the browser 
2020-05-03 00:21:07,156 INFO  [HomePageTest] Launching the browser 
2020-05-03 00:25:04,280 INFO  [HomePageTest] Launching the browser 
2020-05-03 00:25:23,543 INFO  [HomePageTest] Contained button is closed 
2020-05-03 00:25:24,524 INFO  [HomePageTest] Launching the browser 
2020-05-03 00:25:42,532 INFO  [HomePageTest] Launching the browser 
2020-05-03 00:29:14,469 INFO  [HomePageTest] Launching the browser 
2020-05-03 00:29:31,733 INFO  [HomePageTest] Contained button is closed 
2020-05-03 00:29:33,091 INFO  [HomePageTest] Launching the browser 
2020-05-03 00:29:54,836 INFO  [HomePageTest] Launching the browser 

